<?xml version="1.0" encoding="UTF-8"?>
<robot generator="Robot 7.0.1 (Python 3.12.2 on win32)" generated="2024-08-04T23:46:58.231202" rpa="false" schemaversion="5">
<suite id="s1" name="Crm" source="C:\development\robot-scripts\CRM - Test Automation\tests\crm.robot">
<test id="s1-t1" name="Should be able to add new customer" line="25">
<kw name="Begin Test" owner="Common" type="SETUP">
<kw name="Log" owner="BuiltIn">
<msg time="2024-08-04T23:46:58.642175" level="INFO">Starting the test case!</msg>
<arg>Starting the test case!</arg>
<doc>Logs the given message with the given level.</doc>
<status status="PASS" start="2024-08-04T23:46:58.641174" elapsed="0.001001"/>
</kw>
<kw name="Open Browser" owner="SeleniumLibrary">
<msg time="2024-08-04T23:46:58.643175" level="INFO">Opening browser 'edge' to base url 'https://automationplayground.com/crm/'.</msg>
<arg>${start_url}</arg>
<arg>${browser}</arg>
<doc>Opens a new browser instance to the optional ``url``.</doc>
<status status="PASS" start="2024-08-04T23:46:58.642175" elapsed="3.439138"/>
</kw>
<kw name="Maximize Browser Window" owner="SeleniumLibrary">
<doc>Maximizes current browser window.</doc>
<status status="PASS" start="2024-08-04T23:47:02.082285" elapsed="0.056002"/>
</kw>
<kw name="Set Selenium Speed" owner="SeleniumLibrary">
<arg>0.0001s</arg>
<doc>Sets the delay that is waited after each Selenium command.</doc>
<status status="PASS" start="2024-08-04T23:47:02.138287" elapsed="0.001000"/>
</kw>
<kw name="Set Selenium Timeout" owner="SeleniumLibrary">
<arg>5s</arg>
<doc>Sets the timeout that is used by various keywords.</doc>
<status status="PASS" start="2024-08-04T23:47:02.139287" elapsed="0.006691"/>
</kw>
<arg>${START_URL}</arg>
<arg>${BROWSER}</arg>
<tag>Browser</tag>
<tag>TestSetup</tag>
<doc>This keyword initializes the test environment by opening a browser, navigating to the specified URL, and setting up Selenium configurations. It is typically used at the beginning of a test case to prepare the test environment.</doc>
<status status="PASS" start="2024-08-04T23:46:58.640174" elapsed="3.505804"/>
</kw>
<kw name="Login with valid credentials" owner="CRMApp">
<kw name="Verify Landing Page Is Loaded" owner="LandingPage">
<kw name="Wait Until Page Contains" owner="SeleniumLibrary">
<arg>${LANDING_PAGE_HEADLINE}</arg>
<doc>Waits until ``text`` appears on the current page.</doc>
<status status="PASS" start="2024-08-04T23:47:02.149962" elapsed="0.029111"/>
</kw>
<tag>PageLoad</tag>
<tag>Verification</tag>
<doc>This keyword waits until the landing page contains the specified headline text, verifying that the page has loaded correctly. It ensures the user is on the correct landing page before proceeding with any other actions.</doc>
<status status="PASS" start="2024-08-04T23:47:02.148965" elapsed="0.030108"/>
</kw>
<kw name="Click on Sign In And Verfiy Login Page is Loaded" owner="LandingPage">
<kw name="Click Link" owner="SeleniumLibrary">
<msg time="2024-08-04T23:47:02.180085" level="INFO">Clicking link 'sign-in-link'.</msg>
<arg>${SIGN_IN_LINK}</arg>
<doc>Clicks a link identified by ``locator``.</doc>
<status status="PASS" start="2024-08-04T23:47:02.180085" elapsed="0.522824"/>
</kw>
<kw name="Wait Until Page Contains" owner="SeleniumLibrary">
<arg>Login</arg>
<doc>Waits until ``text`` appears on the current page.</doc>
<status status="PASS" start="2024-08-04T23:47:02.702909" elapsed="0.025128"/>
</kw>
<tag>Navigation</tag>
<tag>SignIn</tag>
<doc>This keyword performs the action of clicking on the sign-in link and then waits until the login page is displayed. It navigates the user from the landing page to the login page.</doc>
<status status="PASS" start="2024-08-04T23:47:02.179073" elapsed="0.548964"/>
</kw>
<kw name="Fill Login Details" owner="LoginPage">
<kw name="Input Text" owner="SeleniumLibrary">
<msg time="2024-08-04T23:47:02.729050" level="INFO">Typing text 'jane@gmail.com' into text field 'email-id'.</msg>
<arg>${EMAIL_FIELD}</arg>
<arg>${email}</arg>
<doc>Types the given ``text`` into the text field identified by ``locator``.</doc>
<status status="PASS" start="2024-08-04T23:47:02.729050" elapsed="0.162739"/>
</kw>
<kw name="Input Password" owner="SeleniumLibrary">
<msg time="2024-08-04T23:47:02.891789" level="INFO">Typing password into text field 'password'.</msg>
<msg time="2024-08-04T23:47:02.966143" level="INFO">Temporally setting log level to: NONE</msg>
<arg>${PASSWORD_FIELD}</arg>
<arg>${password}</arg>
<doc>Types the given password into the text field identified by ``locator``.</doc>
<status status="PASS" start="2024-08-04T23:47:02.891789" elapsed="0.182656"/>
</kw>
<kw name="Select Checkbox" owner="SeleniumLibrary">
<msg time="2024-08-04T23:47:03.074445" level="INFO">Selecting checkbox 'remember'.</msg>
<arg>${REMEMBER_ME}</arg>
<doc>Selects the checkbox identified by ``locator``.</doc>
<status status="PASS" start="2024-08-04T23:47:03.074445" elapsed="0.107520"/>
</kw>
<kw name="Click Button" owner="SeleniumLibrary">
<msg time="2024-08-04T23:47:03.181965" level="INFO">Clicking button '//*[@id="submit-id"]'.</msg>
<arg>${LOGIN_SUBMIT}</arg>
<doc>Clicks the button identified by ``locator``.</doc>
<status status="PASS" start="2024-08-04T23:47:03.181965" elapsed="0.789074"/>
</kw>
<arg>${email}</arg>
<arg>${password}</arg>
<tag>FormSubmission</tag>
<tag>Login</tag>
<doc>This keyword fills in the login details on the login page, including the email, password, and an optional 'Remember Me' checkbox. It then submits the login form by clicking the submit button.</doc>
<status status="PASS" start="2024-08-04T23:47:02.728037" elapsed="1.243002"/>
</kw>
<arg>${USER_EMAIL}</arg>
<arg>${USER_PASSWORD}</arg>
<tag>Authentication</tag>
<tag>Login</tag>
<doc>Logs into the application. This involves verifying that the landing page is loaded, clicking the sign-in link, and filling in the login details.</doc>
<status status="PASS" start="2024-08-04T23:47:02.148965" elapsed="1.822074"/>
</kw>
<kw name="View Customers List" owner="CRMApp">
<kw name="View Customer List" owner="CustomersList">
<kw name="Wait Until Page Contains" owner="SeleniumLibrary">
<arg>${HOMEPAGE_HEADLINE}</arg>
<doc>Waits until ``text`` appears on the current page.</doc>
<status status="PASS" start="2024-08-04T23:47:03.973058" elapsed="0.021865"/>
</kw>
<tag>ViewCustomerList</tag>
<doc>This Keyword waits until the homepage headline is present to verify the customers list page is loaded.</doc>
<status status="PASS" start="2024-08-04T23:47:03.972052" elapsed="0.022871"/>
</kw>
<tag>CustomerList</tag>
<tag>Navigation</tag>
<doc>Navigates to the customers list page by ensuring the page is correctly loaded.</doc>
<status status="PASS" start="2024-08-04T23:47:03.972052" elapsed="0.022871"/>
</kw>
<kw name="Add New Customer" owner="CRMApp">
<kw name="Click Add Customer Button" owner="CustomersList">
<kw name="Click Link" owner="SeleniumLibrary">
<msg time="2024-08-04T23:47:03.995936" level="INFO">Clicking link 'xpath=//*[@id="new-customer"]'.</msg>
<arg>${NEW_CUSTOMER_BUTTON}</arg>
<doc>Clicks a link identified by ``locator``.</doc>
<status status="PASS" start="2024-08-04T23:47:03.995936" elapsed="0.578606"/>
</kw>
<kw name="Wait Until Page Contains" owner="SeleniumLibrary">
<arg>Add Customer</arg>
<doc>Waits until ``text`` appears on the current page.</doc>
<status status="PASS" start="2024-08-04T23:47:04.574542" elapsed="0.031792"/>
</kw>
<tag>AddCustomer</tag>
<doc>This Keyword click the button to add a new customer and wait until the add customer page is loaded.</doc>
<status status="PASS" start="2024-08-04T23:47:03.995936" elapsed="0.610398"/>
</kw>
<tag>AddCustomer</tag>
<tag>CustomerManagement</tag>
<doc>Clicks the button to add a new customer and waits for the add customer page to load.</doc>
<status status="PASS" start="2024-08-04T23:47:03.994923" elapsed="0.611411"/>
</kw>
<kw name="Fill Customer Details" owner="CRMApp">
<kw name="Fill cusotmer details" owner="CustomerAddition">
<kw name="Enter Customer Email" owner="CustomerAddition">
<kw name="Input Text" owner="SeleniumLibrary">
<msg time="2024-08-04T23:47:04.610369" level="INFO">Typing text 'customer@gmail.com' into text field 'EmailAddress'.</msg>
<arg>${CUSTOMER_EMAIL_FIELD}</arg>
<arg>${customer_entered_email}</arg>
<doc>Types the given ``text`` into the text field identified by ``locator``.</doc>
<status status="PASS" start="2024-08-04T23:47:04.610369" elapsed="0.287499"/>
</kw>
<arg>${customer_entered_email}</arg>
<status status="PASS" start="2024-08-04T23:47:04.609373" elapsed="0.288495"/>
</kw>
<kw name="Enter Customer FName" owner="CustomerAddition">
<kw name="Input Text" owner="SeleniumLibrary">
<msg time="2024-08-04T23:47:04.898915" level="INFO">Typing text 'Jane' into text field 'FirstName'.</msg>
<arg>${CUSTOMER_FNAME_FIELD}</arg>
<arg>${customer_fname}</arg>
<doc>Types the given ``text`` into the text field identified by ``locator``.</doc>
<status status="PASS" start="2024-08-04T23:47:04.898915" elapsed="0.263317"/>
</kw>
<arg>${customer_fname}</arg>
<status status="PASS" start="2024-08-04T23:47:04.897868" elapsed="0.264364"/>
</kw>
<kw name="Enter Customer LName" owner="CustomerAddition">
<kw name="Input Text" owner="SeleniumLibrary">
<msg time="2024-08-04T23:47:05.163276" level="INFO">Typing text 'Doe' into text field 'LastName'.</msg>
<arg>${CUSTOMER_LNAME_FIELD}</arg>
<arg>${customer_lname}</arg>
<doc>Types the given ``text`` into the text field identified by ``locator``.</doc>
<status status="PASS" start="2024-08-04T23:47:05.163276" elapsed="0.236728"/>
</kw>
<arg>${customer_lname}</arg>
<status status="PASS" start="2024-08-04T23:47:05.162232" elapsed="0.237772"/>
</kw>
<kw name="Enter Customer City" owner="CustomerAddition">
<kw name="Input Text" owner="SeleniumLibrary">
<msg time="2024-08-04T23:47:05.401028" level="INFO">Typing text 'Fairbanks' into text field 'City'.</msg>
<arg>${CITY_FIELD}</arg>
<arg>${city}</arg>
<doc>Types the given ``text`` into the text field identified by ``locator``.</doc>
<status status="PASS" start="2024-08-04T23:47:05.401028" elapsed="0.207170"/>
</kw>
<arg>${city}</arg>
<status status="PASS" start="2024-08-04T23:47:05.400004" elapsed="0.208194"/>
</kw>
<kw name="Select The State or Region" owner="CustomerAddition">
<kw name="Select From List By Value" owner="SeleniumLibrary">
<msg time="2024-08-04T23:47:05.609227" level="INFO">Selecting options from selection list 'StateOrRegion' by value AK.</msg>
<arg>${STATE_REGION_VALUE}</arg>
<arg>${state_region}</arg>
<doc>Selects options from selection list ``locator`` by ``values``.</doc>
<status status="PASS" start="2024-08-04T23:47:05.609227" elapsed="0.141010"/>
</kw>
<arg>${state_region}</arg>
<status status="PASS" start="2024-08-04T23:47:05.608198" elapsed="0.142039"/>
</kw>
<kw name="Select Gender" owner="CustomerAddition">
<kw name="Select Radio Button" owner="SeleniumLibrary">
<msg time="2024-08-04T23:47:05.751236" level="INFO">Selecting 'female' from radio button 'gender'.</msg>
<arg>${GENDER_VALUE}</arg>
<arg>${gender}</arg>
<doc>Sets the radio button group ``group_name`` to ``value``.</doc>
<status status="PASS" start="2024-08-04T23:47:05.750237" elapsed="0.112103"/>
</kw>
<arg>${gender}</arg>
<status status="PASS" start="2024-08-04T23:47:05.750237" elapsed="0.112103"/>
</kw>
<kw name="Add Customer to Promotional List" owner="CustomerAddition">
<kw name="Scroll Element Into View" owner="SeleniumLibrary">
<arg>${PROMOTIONAL_LIST_CHECKBOX}</arg>
<doc>Scrolls the element identified by ``locator`` into view.</doc>
<status status="PASS" start="2024-08-04T23:47:05.862340" elapsed="0.308230"/>
</kw>
<kw name="Select Checkbox" owner="SeleniumLibrary">
<msg time="2024-08-04T23:47:06.170570" level="INFO">Selecting checkbox 'promos-yes'.</msg>
<arg>${ADD_TO_PROMOTIONAL_LIST}</arg>
<doc>Selects the checkbox identified by ``locator``.</doc>
<status status="PASS" start="2024-08-04T23:47:06.170570" elapsed="0.133235"/>
</kw>
<status status="PASS" start="2024-08-04T23:47:05.862340" elapsed="0.441465"/>
</kw>
<kw name="Sumbit Customer Details" owner="CustomerAddition">
<kw name="Scroll Element Into View" owner="SeleniumLibrary">
<arg>${SUMBIT_CUSTOMER_DETAILS}</arg>
<doc>Scrolls the element identified by ``locator`` into view.</doc>
<status status="PASS" start="2024-08-04T23:47:06.303805" elapsed="0.312570"/>
</kw>
<kw name="Click Button" owner="SeleniumLibrary">
<msg time="2024-08-04T23:47:06.616375" level="INFO">Clicking button '//*[@id="loginform"]/div/div/div/div/form/button'.</msg>
<arg>${SUMBIT_CUSTOMER_DETAILS}</arg>
<doc>Clicks the button identified by ``locator``.</doc>
<status status="PASS" start="2024-08-04T23:47:06.616375" elapsed="0.517411"/>
</kw>
<status status="PASS" start="2024-08-04T23:47:06.303805" elapsed="0.829981"/>
</kw>
<arg>${customer_email}</arg>
<arg>${customer_fname}</arg>
<arg>${customer_lname}</arg>
<arg>${city}</arg>
<arg>${state_region}</arg>
<arg>${gender}</arg>
<doc>This Keyword fills in the customer details form with the provided information and submits the form. This includes entering the customer’s email, first name, last name, city, state or region, and gender. It also involves selecting the checkbox to add the customer to the promotional list and submitting the form.    [Tags]    AddCustomer    FormSubmission</doc>
<status status="PASS" start="2024-08-04T23:47:04.608353" elapsed="2.525433"/>
</kw>
<arg>${CUSTOMER_EMAIL}</arg>
<arg>${CUSTOMER_NAME}[0]</arg>
<arg>${CUSTOMER_NAME}[1]</arg>
<arg>${CITY}</arg>
<arg>${STATE_REGION}</arg>
<arg>${GENDER}</arg>
<tag>CustomerManagement</tag>
<tag>FormSubmission</tag>
<doc>Fills out the form to add a new customer with the provided details and submits the form.</doc>
<status status="PASS" start="2024-08-04T23:47:04.607348" elapsed="2.526438"/>
</kw>
<kw name="Sign Out And Verify User is Signed out" owner="CRMApp">
<kw name="Click on Sign out" owner="CRMApp">
<kw name="Click Link" owner="SeleniumLibrary">
<msg time="2024-08-04T23:47:07.140809" level="INFO">Clicking link 'Sign Out'.</msg>
<arg>Sign Out</arg>
<doc>Clicks a link identified by ``locator``.</doc>
<status status="PASS" start="2024-08-04T23:47:07.139806" elapsed="0.373042"/>
</kw>
<status status="PASS" start="2024-08-04T23:47:07.139806" elapsed="0.373042"/>
</kw>
<kw name="User Signed Out" owner="Results">
<kw name="Wait Until Page Contains" owner="SeleniumLibrary">
<arg>Signed Out</arg>
<doc>Waits until ``text`` appears on the current page.</doc>
<status status="PASS" start="2024-08-04T23:47:07.514872" elapsed="0.033185"/>
</kw>
<tag>SignOut</tag>
<tag>Verification</tag>
<doc>This keyword verifies that the user has been successfully signed out by checking for the presence of a sign-out confirmation message on the page. It ensures that the sign-out process was completed successfully.</doc>
<status status="PASS" start="2024-08-04T23:47:07.513871" elapsed="0.034186"/>
</kw>
<tag>Authentication</tag>
<tag>Logout</tag>
<doc>Signs out of the application and verifies that the user has been signed out.</doc>
<status status="PASS" start="2024-08-04T23:47:07.138806" elapsed="0.409251"/>
</kw>
<kw name="End Test" owner="Common" type="TEARDOWN">
<kw name="Sleep" owner="BuiltIn">
<msg time="2024-08-04T23:47:12.550784" level="INFO">Slept 5 seconds.</msg>
<arg>5s</arg>
<doc>Pauses the test executed for the given time.</doc>
<status status="PASS" start="2024-08-04T23:47:07.550050" elapsed="5.000734"/>
</kw>
<kw name="Close Browser" owner="SeleniumLibrary">
<doc>Closes the current browser.</doc>
<status status="PASS" start="2024-08-04T23:47:12.550784" elapsed="2.286777"/>
</kw>
<tag>Cleanup</tag>
<tag>TestTeardown</tag>
<doc>This keyword performs the teardown actions for a test case, including closing the browser and pausing briefly to ensure that all actions are properly completed. It is typically used at the end of a test case to clean up the test environment.</doc>
<status status="PASS" start="2024-08-04T23:47:07.549050" elapsed="7.288511"/>
</kw>
<doc>This test case verifies that a user can successfully add a new customer. The test includes logging in, navigating to the customer list, adding a new customer, and verifying the addition.</doc>
<tag>AddCustomer</tag>
<tag>Regression</tag>
<tag>Smoke</tag>
<status status="PASS" start="2024-08-04T23:46:58.637174" elapsed="16.201364"/>
</test>
<test id="s1-t2" name="Should be able to login" line="34">
<kw name="Begin Test" owner="Common" type="SETUP">
<kw name="Log" owner="BuiltIn">
<msg time="2024-08-04T23:47:14.842561" level="INFO">Starting the test case!</msg>
<arg>Starting the test case!</arg>
<doc>Logs the given message with the given level.</doc>
<status status="PASS" start="2024-08-04T23:47:14.842561" elapsed="0.000000"/>
</kw>
<kw name="Open Browser" owner="SeleniumLibrary">
<msg time="2024-08-04T23:47:14.843561" level="INFO">Opening browser 'edge' to base url 'https://automationplayground.com/crm/'.</msg>
<arg>${start_url}</arg>
<arg>${browser}</arg>
<doc>Opens a new browser instance to the optional ``url``.</doc>
<status status="PASS" start="2024-08-04T23:47:14.843561" elapsed="3.381966"/>
</kw>
<kw name="Maximize Browser Window" owner="SeleniumLibrary">
<doc>Maximizes current browser window.</doc>
<status status="PASS" start="2024-08-04T23:47:18.225527" elapsed="0.064698"/>
</kw>
<kw name="Set Selenium Speed" owner="SeleniumLibrary">
<arg>0.0001s</arg>
<doc>Sets the delay that is waited after each Selenium command.</doc>
<status status="PASS" start="2024-08-04T23:47:18.290225" elapsed="0.000000"/>
</kw>
<kw name="Set Selenium Timeout" owner="SeleniumLibrary">
<arg>5s</arg>
<doc>Sets the timeout that is used by various keywords.</doc>
<status status="PASS" start="2024-08-04T23:47:18.291243" elapsed="0.002594"/>
</kw>
<arg>${START_URL}</arg>
<arg>${BROWSER}</arg>
<tag>Browser</tag>
<tag>TestSetup</tag>
<doc>This keyword initializes the test environment by opening a browser, navigating to the specified URL, and setting up Selenium configurations. It is typically used at the beginning of a test case to prepare the test environment.</doc>
<status status="PASS" start="2024-08-04T23:47:14.841562" elapsed="3.452275"/>
</kw>
<kw name="Login with valid credentials" owner="CRMApp">
<kw name="Verify Landing Page Is Loaded" owner="LandingPage">
<kw name="Wait Until Page Contains" owner="SeleniumLibrary">
<arg>${LANDING_PAGE_HEADLINE}</arg>
<doc>Waits until ``text`` appears on the current page.</doc>
<status status="PASS" start="2024-08-04T23:47:18.296854" elapsed="0.023994"/>
</kw>
<tag>PageLoad</tag>
<tag>Verification</tag>
<doc>This keyword waits until the landing page contains the specified headline text, verifying that the page has loaded correctly. It ensures the user is on the correct landing page before proceeding with any other actions.</doc>
<status status="PASS" start="2024-08-04T23:47:18.295855" elapsed="0.024993"/>
</kw>
<kw name="Click on Sign In And Verfiy Login Page is Loaded" owner="LandingPage">
<kw name="Click Link" owner="SeleniumLibrary">
<msg time="2024-08-04T23:47:18.321846" level="INFO">Clicking link 'sign-in-link'.</msg>
<arg>${SIGN_IN_LINK}</arg>
<doc>Clicks a link identified by ``locator``.</doc>
<status status="PASS" start="2024-08-04T23:47:18.320848" elapsed="0.580667"/>
</kw>
<kw name="Wait Until Page Contains" owner="SeleniumLibrary">
<arg>Login</arg>
<doc>Waits until ``text`` appears on the current page.</doc>
<status status="PASS" start="2024-08-04T23:47:18.901515" elapsed="0.042367"/>
</kw>
<tag>Navigation</tag>
<tag>SignIn</tag>
<doc>This keyword performs the action of clicking on the sign-in link and then waits until the login page is displayed. It navigates the user from the landing page to the login page.</doc>
<status status="PASS" start="2024-08-04T23:47:18.320848" elapsed="0.623034"/>
</kw>
<kw name="Fill Login Details" owner="LoginPage">
<kw name="Input Text" owner="SeleniumLibrary">
<msg time="2024-08-04T23:47:18.944901" level="INFO">Typing text 'jane@gmail.com' into text field 'email-id'.</msg>
<arg>${EMAIL_FIELD}</arg>
<arg>${email}</arg>
<doc>Types the given ``text`` into the text field identified by ``locator``.</doc>
<status status="PASS" start="2024-08-04T23:47:18.943882" elapsed="0.191411"/>
</kw>
<kw name="Input Password" owner="SeleniumLibrary">
<msg time="2024-08-04T23:47:19.135293" level="INFO">Typing password into text field 'password'.</msg>
<msg time="2024-08-04T23:47:19.201327" level="INFO">Temporally setting log level to: NONE</msg>
<arg>${PASSWORD_FIELD}</arg>
<arg>${password}</arg>
<doc>Types the given password into the text field identified by ``locator``.</doc>
<status status="PASS" start="2024-08-04T23:47:19.135293" elapsed="0.182767"/>
</kw>
<kw name="Select Checkbox" owner="SeleniumLibrary">
<msg time="2024-08-04T23:47:19.318060" level="INFO">Selecting checkbox 'remember'.</msg>
<arg>${REMEMBER_ME}</arg>
<doc>Selects the checkbox identified by ``locator``.</doc>
<status status="PASS" start="2024-08-04T23:47:19.318060" elapsed="0.103869"/>
</kw>
<kw name="Click Button" owner="SeleniumLibrary">
<msg time="2024-08-04T23:47:19.421929" level="INFO">Clicking button '//*[@id="submit-id"]'.</msg>
<arg>${LOGIN_SUBMIT}</arg>
<doc>Clicks the button identified by ``locator``.</doc>
<status status="PASS" start="2024-08-04T23:47:19.421929" elapsed="0.789863"/>
</kw>
<arg>${email}</arg>
<arg>${password}</arg>
<tag>FormSubmission</tag>
<tag>Login</tag>
<doc>This keyword fills in the login details on the login page, including the email, password, and an optional 'Remember Me' checkbox. It then submits the login form by clicking the submit button.</doc>
<status status="PASS" start="2024-08-04T23:47:18.943882" elapsed="1.267910"/>
</kw>
<arg>${USER_EMAIL}</arg>
<arg>${USER_PASSWORD}</arg>
<tag>Authentication</tag>
<tag>Login</tag>
<doc>Logs into the application. This involves verifying that the landing page is loaded, clicking the sign-in link, and filling in the login details.</doc>
<status status="PASS" start="2024-08-04T23:47:18.294860" elapsed="1.916932"/>
</kw>
<kw name="End Test" owner="Common" type="TEARDOWN">
<kw name="Sleep" owner="BuiltIn">
<msg time="2024-08-04T23:47:25.213251" level="INFO">Slept 5 seconds.</msg>
<arg>5s</arg>
<doc>Pauses the test executed for the given time.</doc>
<status status="PASS" start="2024-08-04T23:47:20.212821" elapsed="5.000430"/>
</kw>
<kw name="Close Browser" owner="SeleniumLibrary">
<doc>Closes the current browser.</doc>
<status status="PASS" start="2024-08-04T23:47:25.213251" elapsed="2.296482"/>
</kw>
<tag>Cleanup</tag>
<tag>TestTeardown</tag>
<doc>This keyword performs the teardown actions for a test case, including closing the browser and pausing briefly to ensure that all actions are properly completed. It is typically used at the end of a test case to clean up the test environment.</doc>
<status status="PASS" start="2024-08-04T23:47:20.212821" elapsed="7.297736"/>
</kw>
<tag>Login</tag>
<tag>Regression</tag>
<tag>Smoke</tag>
<status status="PASS" start="2024-08-04T23:47:14.840541" elapsed="12.670016"/>
</test>
<test id="s1-t3" name="Should be able to sign out" line="38">
<kw name="Begin Test" owner="Common" type="SETUP">
<kw name="Log" owner="BuiltIn">
<msg time="2024-08-04T23:47:27.515556" level="INFO">Starting the test case!</msg>
<arg>Starting the test case!</arg>
<doc>Logs the given message with the given level.</doc>
<status status="PASS" start="2024-08-04T23:47:27.514557" elapsed="0.000999"/>
</kw>
<kw name="Open Browser" owner="SeleniumLibrary">
<msg time="2024-08-04T23:47:27.515556" level="INFO">Opening browser 'edge' to base url 'https://automationplayground.com/crm/'.</msg>
<arg>${start_url}</arg>
<arg>${browser}</arg>
<doc>Opens a new browser instance to the optional ``url``.</doc>
<status status="PASS" start="2024-08-04T23:47:27.515556" elapsed="3.457397"/>
</kw>
<kw name="Maximize Browser Window" owner="SeleniumLibrary">
<doc>Maximizes current browser window.</doc>
<status status="PASS" start="2024-08-04T23:47:30.972953" elapsed="0.061573"/>
</kw>
<kw name="Set Selenium Speed" owner="SeleniumLibrary">
<arg>0.0001s</arg>
<doc>Sets the delay that is waited after each Selenium command.</doc>
<status status="PASS" start="2024-08-04T23:47:31.034526" elapsed="0.001011"/>
</kw>
<kw name="Set Selenium Timeout" owner="SeleniumLibrary">
<arg>5s</arg>
<doc>Sets the timeout that is used by various keywords.</doc>
<status status="PASS" start="2024-08-04T23:47:31.035537" elapsed="0.002448"/>
</kw>
<arg>${START_URL}</arg>
<arg>${BROWSER}</arg>
<tag>Browser</tag>
<tag>TestSetup</tag>
<doc>This keyword initializes the test environment by opening a browser, navigating to the specified URL, and setting up Selenium configurations. It is typically used at the beginning of a test case to prepare the test environment.</doc>
<status status="PASS" start="2024-08-04T23:47:27.514557" elapsed="3.523428"/>
</kw>
<kw name="Login with valid credentials" owner="CRMApp">
<kw name="Verify Landing Page Is Loaded" owner="LandingPage">
<kw name="Wait Until Page Contains" owner="SeleniumLibrary">
<arg>${LANDING_PAGE_HEADLINE}</arg>
<doc>Waits until ``text`` appears on the current page.</doc>
<status status="PASS" start="2024-08-04T23:47:31.040006" elapsed="0.019888"/>
</kw>
<tag>PageLoad</tag>
<tag>Verification</tag>
<doc>This keyword waits until the landing page contains the specified headline text, verifying that the page has loaded correctly. It ensures the user is on the correct landing page before proceeding with any other actions.</doc>
<status status="PASS" start="2024-08-04T23:47:31.040006" elapsed="0.019888"/>
</kw>
<kw name="Click on Sign In And Verfiy Login Page is Loaded" owner="LandingPage">
<kw name="Click Link" owner="SeleniumLibrary">
<msg time="2024-08-04T23:47:31.060908" level="INFO">Clicking link 'sign-in-link'.</msg>
<arg>${SIGN_IN_LINK}</arg>
<doc>Clicks a link identified by ``locator``.</doc>
<status status="PASS" start="2024-08-04T23:47:31.059894" elapsed="0.686321"/>
</kw>
<kw name="Wait Until Page Contains" owner="SeleniumLibrary">
<arg>Login</arg>
<doc>Waits until ``text`` appears on the current page.</doc>
<status status="PASS" start="2024-08-04T23:47:31.746215" elapsed="0.045958"/>
</kw>
<tag>Navigation</tag>
<tag>SignIn</tag>
<doc>This keyword performs the action of clicking on the sign-in link and then waits until the login page is displayed. It navigates the user from the landing page to the login page.</doc>
<status status="PASS" start="2024-08-04T23:47:31.059894" elapsed="0.732279"/>
</kw>
<kw name="Fill Login Details" owner="LoginPage">
<kw name="Input Text" owner="SeleniumLibrary">
<msg time="2024-08-04T23:47:31.793177" level="INFO">Typing text 'jane@gmail.com' into text field 'email-id'.</msg>
<arg>${EMAIL_FIELD}</arg>
<arg>${email}</arg>
<doc>Types the given ``text`` into the text field identified by ``locator``.</doc>
<status status="PASS" start="2024-08-04T23:47:31.793177" elapsed="0.200258"/>
</kw>
<kw name="Input Password" owner="SeleniumLibrary">
<msg time="2024-08-04T23:47:31.993988" level="INFO">Typing password into text field 'password'.</msg>
<msg time="2024-08-04T23:47:32.060739" level="INFO">Temporally setting log level to: NONE</msg>
<arg>${PASSWORD_FIELD}</arg>
<arg>${password}</arg>
<doc>Types the given password into the text field identified by ``locator``.</doc>
<status status="PASS" start="2024-08-04T23:47:31.993435" elapsed="0.192473"/>
</kw>
<kw name="Select Checkbox" owner="SeleniumLibrary">
<msg time="2024-08-04T23:47:32.185908" level="INFO">Selecting checkbox 'remember'.</msg>
<arg>${REMEMBER_ME}</arg>
<doc>Selects the checkbox identified by ``locator``.</doc>
<status status="PASS" start="2024-08-04T23:47:32.185908" elapsed="0.109506"/>
</kw>
<kw name="Click Button" owner="SeleniumLibrary">
<msg time="2024-08-04T23:47:32.295414" level="INFO">Clicking button '//*[@id="submit-id"]'.</msg>
<arg>${LOGIN_SUBMIT}</arg>
<doc>Clicks the button identified by ``locator``.</doc>
<status status="PASS" start="2024-08-04T23:47:32.295414" elapsed="0.312820"/>
</kw>
<arg>${email}</arg>
<arg>${password}</arg>
<tag>FormSubmission</tag>
<tag>Login</tag>
<doc>This keyword fills in the login details on the login page, including the email, password, and an optional 'Remember Me' checkbox. It then submits the login form by clicking the submit button.</doc>
<status status="PASS" start="2024-08-04T23:47:31.792173" elapsed="0.816061"/>
</kw>
<arg>${USER_EMAIL}</arg>
<arg>${USER_PASSWORD}</arg>
<tag>Authentication</tag>
<tag>Login</tag>
<doc>Logs into the application. This involves verifying that the landing page is loaded, clicking the sign-in link, and filling in the login details.</doc>
<status status="PASS" start="2024-08-04T23:47:31.039000" elapsed="1.569234"/>
</kw>
<kw name="Sign Out And Verify User is Signed out" owner="CRMApp">
<kw name="Click on Sign out" owner="CRMApp">
<kw name="Click Link" owner="SeleniumLibrary">
<msg time="2024-08-04T23:47:32.610811" level="INFO">Clicking link 'Sign Out'.</msg>
<arg>Sign Out</arg>
<doc>Clicks a link identified by ``locator``.</doc>
<status status="PASS" start="2024-08-04T23:47:32.609758" elapsed="1.024643"/>
</kw>
<status status="PASS" start="2024-08-04T23:47:32.609758" elapsed="1.024643"/>
</kw>
<kw name="User Signed Out" owner="Results">
<kw name="Wait Until Page Contains" owner="SeleniumLibrary">
<arg>Signed Out</arg>
<doc>Waits until ``text`` appears on the current page.</doc>
<status status="PASS" start="2024-08-04T23:47:33.635430" elapsed="0.025676"/>
</kw>
<tag>SignOut</tag>
<tag>Verification</tag>
<doc>This keyword verifies that the user has been successfully signed out by checking for the presence of a sign-out confirmation message on the page. It ensures that the sign-out process was completed successfully.</doc>
<status status="PASS" start="2024-08-04T23:47:33.635430" elapsed="0.025676"/>
</kw>
<tag>Authentication</tag>
<tag>Logout</tag>
<doc>Signs out of the application and verifies that the user has been signed out.</doc>
<status status="PASS" start="2024-08-04T23:47:32.609047" elapsed="1.052059"/>
</kw>
<kw name="End Test" owner="Common" type="TEARDOWN">
<kw name="Sleep" owner="BuiltIn">
<msg time="2024-08-04T23:47:38.663544" level="INFO">Slept 5 seconds.</msg>
<arg>5s</arg>
<doc>Pauses the test executed for the given time.</doc>
<status status="PASS" start="2024-08-04T23:47:33.663120" elapsed="5.000424"/>
</kw>
<kw name="Close Browser" owner="SeleniumLibrary">
<doc>Closes the current browser.</doc>
<status status="PASS" start="2024-08-04T23:47:38.664181" elapsed="2.250636"/>
</kw>
<tag>Cleanup</tag>
<tag>TestTeardown</tag>
<doc>This keyword performs the teardown actions for a test case, including closing the browser and pausing briefly to ensure that all actions are properly completed. It is typically used at the end of a test case to clean up the test environment.</doc>
<status status="PASS" start="2024-08-04T23:47:33.662119" elapsed="7.253383"/>
</kw>
<tag>Regression</tag>
<tag>Sign Out</tag>
<tag>Smoke</tag>
<status status="PASS" start="2024-08-04T23:47:27.513557" elapsed="13.401945"/>
</test>
<test id="s1-t4" name="Should be able to view customer list" line="43">
<kw name="Begin Test" owner="Common" type="SETUP">
<kw name="Log" owner="BuiltIn">
<msg time="2024-08-04T23:47:40.920521" level="INFO">Starting the test case!</msg>
<arg>Starting the test case!</arg>
<doc>Logs the given message with the given level.</doc>
<status status="PASS" start="2024-08-04T23:47:40.920521" elapsed="0.000000"/>
</kw>
<kw name="Open Browser" owner="SeleniumLibrary">
<msg time="2024-08-04T23:47:40.921521" level="INFO">Opening browser 'edge' to base url 'https://automationplayground.com/crm/'.</msg>
<arg>${start_url}</arg>
<arg>${browser}</arg>
<doc>Opens a new browser instance to the optional ``url``.</doc>
<status status="PASS" start="2024-08-04T23:47:40.920521" elapsed="3.157676"/>
</kw>
<kw name="Maximize Browser Window" owner="SeleniumLibrary">
<doc>Maximizes current browser window.</doc>
<status status="PASS" start="2024-08-04T23:47:44.078197" elapsed="0.042174"/>
</kw>
<kw name="Set Selenium Speed" owner="SeleniumLibrary">
<arg>0.0001s</arg>
<doc>Sets the delay that is waited after each Selenium command.</doc>
<status status="PASS" start="2024-08-04T23:47:44.120371" elapsed="0.000000"/>
</kw>
<kw name="Set Selenium Timeout" owner="SeleniumLibrary">
<arg>5s</arg>
<doc>Sets the timeout that is used by various keywords.</doc>
<status status="PASS" start="2024-08-04T23:47:44.121382" elapsed="0.001971"/>
</kw>
<arg>${START_URL}</arg>
<arg>${BROWSER}</arg>
<tag>Browser</tag>
<tag>TestSetup</tag>
<doc>This keyword initializes the test environment by opening a browser, navigating to the specified URL, and setting up Selenium configurations. It is typically used at the beginning of a test case to prepare the test environment.</doc>
<status status="PASS" start="2024-08-04T23:47:40.919521" elapsed="3.203832"/>
</kw>
<kw name="Login with valid credentials" owner="CRMApp">
<kw name="Verify Landing Page Is Loaded" owner="LandingPage">
<kw name="Wait Until Page Contains" owner="SeleniumLibrary">
<arg>${LANDING_PAGE_HEADLINE}</arg>
<doc>Waits until ``text`` appears on the current page.</doc>
<status status="PASS" start="2024-08-04T23:47:44.125365" elapsed="0.021950"/>
</kw>
<tag>PageLoad</tag>
<tag>Verification</tag>
<doc>This keyword waits until the landing page contains the specified headline text, verifying that the page has loaded correctly. It ensures the user is on the correct landing page before proceeding with any other actions.</doc>
<status status="PASS" start="2024-08-04T23:47:44.124365" elapsed="0.022950"/>
</kw>
<kw name="Click on Sign In And Verfiy Login Page is Loaded" owner="LandingPage">
<kw name="Click Link" owner="SeleniumLibrary">
<msg time="2024-08-04T23:47:44.148327" level="INFO">Clicking link 'sign-in-link'.</msg>
<arg>${SIGN_IN_LINK}</arg>
<doc>Clicks a link identified by ``locator``.</doc>
<status status="PASS" start="2024-08-04T23:47:44.147315" elapsed="0.721707"/>
</kw>
<kw name="Wait Until Page Contains" owner="SeleniumLibrary">
<arg>Login</arg>
<doc>Waits until ``text`` appears on the current page.</doc>
<status status="PASS" start="2024-08-04T23:47:44.869022" elapsed="0.039107"/>
</kw>
<tag>Navigation</tag>
<tag>SignIn</tag>
<doc>This keyword performs the action of clicking on the sign-in link and then waits until the login page is displayed. It navigates the user from the landing page to the login page.</doc>
<status status="PASS" start="2024-08-04T23:47:44.147315" elapsed="0.760814"/>
</kw>
<kw name="Fill Login Details" owner="LoginPage">
<kw name="Input Text" owner="SeleniumLibrary">
<msg time="2024-08-04T23:47:44.909153" level="INFO">Typing text 'jane@gmail.com' into text field 'email-id'.</msg>
<arg>${EMAIL_FIELD}</arg>
<arg>${email}</arg>
<doc>Types the given ``text`` into the text field identified by ``locator``.</doc>
<status status="PASS" start="2024-08-04T23:47:44.909153" elapsed="0.241064"/>
</kw>
<kw name="Input Password" owner="SeleniumLibrary">
<msg time="2024-08-04T23:47:45.150217" level="INFO">Typing password into text field 'password'.</msg>
<msg time="2024-08-04T23:47:45.220168" level="INFO">Temporally setting log level to: NONE</msg>
<arg>${PASSWORD_FIELD}</arg>
<arg>${password}</arg>
<doc>Types the given password into the text field identified by ``locator``.</doc>
<status status="PASS" start="2024-08-04T23:47:45.150217" elapsed="0.174154"/>
</kw>
<kw name="Select Checkbox" owner="SeleniumLibrary">
<msg time="2024-08-04T23:47:45.324371" level="INFO">Selecting checkbox 'remember'.</msg>
<arg>${REMEMBER_ME}</arg>
<doc>Selects the checkbox identified by ``locator``.</doc>
<status status="PASS" start="2024-08-04T23:47:45.324371" elapsed="0.112904"/>
</kw>
<kw name="Click Button" owner="SeleniumLibrary">
<msg time="2024-08-04T23:47:45.437275" level="INFO">Clicking button '//*[@id="submit-id"]'.</msg>
<arg>${LOGIN_SUBMIT}</arg>
<doc>Clicks the button identified by ``locator``.</doc>
<status status="PASS" start="2024-08-04T23:47:45.437275" elapsed="1.014002"/>
</kw>
<arg>${email}</arg>
<arg>${password}</arg>
<tag>FormSubmission</tag>
<tag>Login</tag>
<doc>This keyword fills in the login details on the login page, including the email, password, and an optional 'Remember Me' checkbox. It then submits the login form by clicking the submit button.</doc>
<status status="PASS" start="2024-08-04T23:47:44.908129" elapsed="1.543148"/>
</kw>
<arg>${USER_EMAIL}</arg>
<arg>${USER_PASSWORD}</arg>
<tag>Authentication</tag>
<tag>Login</tag>
<doc>Logs into the application. This involves verifying that the landing page is loaded, clicking the sign-in link, and filling in the login details.</doc>
<status status="PASS" start="2024-08-04T23:47:44.124365" elapsed="2.326912"/>
</kw>
<kw name="View Customers List" owner="CRMApp">
<kw name="View Customer List" owner="CustomersList">
<kw name="Wait Until Page Contains" owner="SeleniumLibrary">
<arg>${HOMEPAGE_HEADLINE}</arg>
<doc>Waits until ``text`` appears on the current page.</doc>
<status status="PASS" start="2024-08-04T23:47:46.453291" elapsed="0.022380"/>
</kw>
<tag>ViewCustomerList</tag>
<doc>This Keyword waits until the homepage headline is present to verify the customers list page is loaded.</doc>
<status status="PASS" start="2024-08-04T23:47:46.452308" elapsed="0.023363"/>
</kw>
<tag>CustomerList</tag>
<tag>Navigation</tag>
<doc>Navigates to the customers list page by ensuring the page is correctly loaded.</doc>
<status status="PASS" start="2024-08-04T23:47:46.452308" elapsed="0.023363"/>
</kw>
<kw name="Sign Out And Verify User is Signed out" owner="CRMApp">
<kw name="Click on Sign out" owner="CRMApp">
<kw name="Click Link" owner="SeleniumLibrary">
<msg time="2024-08-04T23:47:46.476675" level="INFO">Clicking link 'Sign Out'.</msg>
<arg>Sign Out</arg>
<doc>Clicks a link identified by ``locator``.</doc>
<status status="PASS" start="2024-08-04T23:47:46.476675" elapsed="0.468317"/>
</kw>
<status status="PASS" start="2024-08-04T23:47:46.476675" elapsed="0.468317"/>
</kw>
<kw name="User Signed Out" owner="Results">
<kw name="Wait Until Page Contains" owner="SeleniumLibrary">
<arg>Signed Out</arg>
<doc>Waits until ``text`` appears on the current page.</doc>
<status status="PASS" start="2024-08-04T23:47:46.947020" elapsed="0.034640"/>
</kw>
<tag>SignOut</tag>
<tag>Verification</tag>
<doc>This keyword verifies that the user has been successfully signed out by checking for the presence of a sign-out confirmation message on the page. It ensures that the sign-out process was completed successfully.</doc>
<status status="PASS" start="2024-08-04T23:47:46.946018" elapsed="0.035642"/>
</kw>
<tag>Authentication</tag>
<tag>Logout</tag>
<doc>Signs out of the application and verifies that the user has been signed out.</doc>
<status status="PASS" start="2024-08-04T23:47:46.475671" elapsed="0.505989"/>
</kw>
<kw name="End Test" owner="Common" type="TEARDOWN">
<kw name="Sleep" owner="BuiltIn">
<msg time="2024-08-04T23:47:51.983754" level="INFO">Slept 5 seconds.</msg>
<arg>5s</arg>
<doc>Pauses the test executed for the given time.</doc>
<status status="PASS" start="2024-08-04T23:47:46.983651" elapsed="5.000103"/>
</kw>
<kw name="Close Browser" owner="SeleniumLibrary">
<doc>Closes the current browser.</doc>
<status status="PASS" start="2024-08-04T23:47:51.983754" elapsed="2.251930"/>
</kw>
<tag>Cleanup</tag>
<tag>TestTeardown</tag>
<doc>This keyword performs the teardown actions for a test case, including closing the browser and pausing briefly to ensure that all actions are properly completed. It is typically used at the end of a test case to clean up the test environment.</doc>
<status status="PASS" start="2024-08-04T23:47:46.982650" elapsed="7.253034"/>
</kw>
<tag>Regression</tag>
<tag>Smoke</tag>
<tag>View Customer List</tag>
<status status="PASS" start="2024-08-04T23:47:40.918522" elapsed="13.318164"/>
</test>
<doc>This suite tests the CRM application functionality, including user login, customer management, and sign out. It uses SeleniumLibrary to interact with the web application.</doc>
<status status="PASS" start="2024-08-04T23:46:58.233202" elapsed="56.006483"/>
</suite>
<statistics>
<total>
<stat pass="4" fail="0" skip="0">All Tests</stat>
</total>
<tag>
<stat pass="1" fail="0" skip="0">AddCustomer</stat>
<stat pass="1" fail="0" skip="0">Login</stat>
<stat pass="4" fail="0" skip="0">Regression</stat>
<stat pass="1" fail="0" skip="0">Sign Out</stat>
<stat pass="4" fail="0" skip="0">Smoke</stat>
<stat pass="1" fail="0" skip="0">View Customer List</stat>
</tag>
<suite>
<stat pass="4" fail="0" skip="0" id="s1" name="Crm">Crm</stat>
</suite>
</statistics>
<errors>
</errors>
</robot>
